<?xml version="1.0" encoding="UTF-8"?>
<!-- Generated by org.testng.reporters.JUnitReportReporter -->
<testsuite hostname="aadya-Latitude-E7450" failures="0" tests="1" name="TestPkg.Basic_PUT_PATCH" time="4.456" errors="0" timestamp="2023-06-27T15:51:52 IST" skipped="0">
  <testcase classname="TestPkg.Basic_PUT_PATCH" name="test_PUT_PATCH_DELETE" time="4.456"/>
</testsuite> <!-- TestPkg.Basic_PUT_PATCH -->
