<?xml version="1.0" encoding="UTF-8"?>
<!-- Generated by org.testng.reporters.JUnitReportReporter -->
<testsuite hostname="aadya-Latitude-E7450" failures="0" tests="1" name="pkg1.NewTest" time="11.586" errors="0" timestamp="2023-06-25T13:11:59 IST" skipped="0">
  <testcase classname="pkg1.NewTest" name="test_f1" time="11.586"/>
</testsuite> <!-- pkg1.NewTest -->
