<?xml version="1.0" encoding="UTF-8"?>
<!-- Generated by org.testng.reporters.JUnitReportReporter -->
<testsuite hostname="aadya-Latitude-E7450" failures="0" tests="3" name="TestPkg.Basic_GETPOSTusingBDD" time="6.602" errors="0" timestamp="2023-07-01T17:04:32 IST" skipped="0">
  <testcase classname="TestPkg.Basic_GETPOSTusingBDD" name="test_post_using_java_maps" time="1.239"/>
  <testcase classname="TestPkg.Basic_GETPOSTusingBDD" name="test_post_using_JSONObject" time="1.470"/>
  <testcase classname="TestPkg.Basic_GETPOSTusingBDD" name="test_get_using_BDD" time="3.893"/>
</testsuite> <!-- TestPkg.Basic_GETPOSTusingBDD -->
