<?xml version="1.0" encoding="UTF-8"?>
<!-- Generated by org.testng.reporters.JUnitReportReporter -->
<testsuite hostname="aadya-Latitude-E7450" failures="0" tests="3" name="TestPkg.TestsExamples" time="4.208" errors="0" timestamp="2023-06-26T16:44:23 IST" skipped="0">
  <testcase classname="TestPkg.TestsExamples" name="test_verify_response_statuscode" time="2.894"/>
  <testcase classname="TestPkg.TestsExamples" name="test_verify_get_response_header" time="0.100"/>
  <testcase classname="TestPkg.TestsExamples" name="test_verify_get_response_body" time="1.214"/>
</testsuite> <!-- TestPkg.TestsExamples -->
