<?xml version="1.0" encoding="UTF-8"?>
<!-- Generated by org.testng.reporters.JUnitReportReporter -->
<testsuite hostname="aadya-Latitude-E7450" failures="0" tests="3" name="TestPkg.Basic_usingBDD" time="4.356" errors="0" timestamp="2023-06-26T22:54:10 IST" skipped="0">
  <testcase classname="TestPkg.Basic_usingBDD" name="test_post_using_java_maps" time="0.827"/>
  <testcase classname="TestPkg.Basic_usingBDD" name="test_get_using_BDD" time="3.095"/>
  <testcase classname="TestPkg.Basic_usingBDD" name="test_post_using_JSONObject" time="0.434"/>
</testsuite> <!-- TestPkg.Basic_usingBDD -->
