<?xml version="1.0" encoding="UTF-8"?>
<!-- Generated by org.testng.reporters.JUnitReportReporter -->
<testsuite hostname="aadya-Latitude-E7450" failures="0" tests="3" name="TestPkg.Basicget" time="2.815" errors="0" timestamp="2023-06-26T17:42:08 IST" skipped="0">
  <testcase classname="TestPkg.Basicget" name="test_verify_response_statuscode" time="1.909"/>
  <testcase classname="TestPkg.Basicget" name="test_verify_get_response_header" time="0.101"/>
  <testcase classname="TestPkg.Basicget" name="test_verify_get_response_body" time="0.805"/>
</testsuite> <!-- TestPkg.Basicget -->
