<?xml version="1.0" encoding="UTF-8"?>
<!-- Generated by org.testng.reporters.JUnitReportReporter -->
<testsuite hostname="aadya-Latitude-E7450" failures="0" tests="3" name="TestPkg.Basicget" time="1.533" errors="0" timestamp="2023-06-30T23:57:56 IST" skipped="0">
  <testcase classname="TestPkg.Basicget" name="test_verify_response_statuscode" time="0.132"/>
  <testcase classname="TestPkg.Basicget" name="test_verify_get_response_header" time="0.152"/>
  <testcase classname="TestPkg.Basicget" name="test_verify_get_response_body" time="1.249"/>
</testsuite> <!-- TestPkg.Basicget -->
