<?xml version="1.0" encoding="UTF-8"?>
<!-- Generated by org.testng.reporters.JUnitReportReporter -->
<testsuite hostname="aadya-Latitude-E7450" failures="0" tests="3" name="TestPkg.Basic_GETPOSTusingBDD" time="1.902" errors="0" timestamp="2023-06-30T23:57:56 IST" skipped="0">
  <testcase classname="TestPkg.Basic_GETPOSTusingBDD" name="test_get_using_BDD" time="0.477"/>
  <testcase classname="TestPkg.Basic_GETPOSTusingBDD" name="test_post_using_java_maps" time="0.974"/>
  <testcase classname="TestPkg.Basic_GETPOSTusingBDD" name="test_post_using_JSONObject" time="0.451"/>
</testsuite> <!-- TestPkg.Basic_GETPOSTusingBDD -->
