<?xml version="1.0" encoding="UTF-8"?>
<!-- Generated by org.testng.reporters.JUnitReportReporter -->
<testsuite hostname="aadya-Latitude-E7450" failures="0" tests="1" name="TestPkg.Basic_PUT_PATCH" time="2.931" errors="0" timestamp="2023-06-30T23:57:56 IST" skipped="0">
  <testcase classname="TestPkg.Basic_PUT_PATCH" name="test_PUT_PATCH_DELETE" time="2.931"/>
</testsuite> <!-- TestPkg.Basic_PUT_PATCH -->
